SF:lib/screens/profile_screen.dart
DA:12,1
DA:13,1
DA:24,1
DA:26,1
DA:27,1
DA:31,1
DA:32,1
DA:33,2
DA:34,2
DA:37,1
DA:38,0
DA:39,0
DA:42,2
DA:43,1
DA:44,1
DA:50,0
DA:51,0
DA:53,0
DA:54,0
DA:60,0
DA:61,0
DA:62,0
DA:63,0
DA:66,0
DA:67,0
DA:68,0
DA:69,0
DA:70,0
DA:73,0
DA:74,0
DA:78,0
DA:79,0
DA:83,0
DA:84,0
DA:87,0
DA:88,0
DA:93,0
DA:96,0
DA:97,0
DA:101,0
DA:103,0
DA:104,0
DA:106,0
DA:107,0
DA:108,0
DA:111,0
DA:114,0
DA:118,0
DA:121,0
DA:122,0
DA:126,0
DA:128,0
DA:129,0
DA:131,0
DA:132,0
DA:135,0
DA:138,0
DA:142,0
DA:144,0
DA:146,0
DA:148,0
DA:150,0
DA:152,0
DA:159,0
DA:160,0
DA:161,0
DA:162,0
DA:163,0
DA:164,0
DA:168,0
DA:171,1
DA:173,1
DA:175,1
DA:176,1
DA:179,1
DA:180,1
DA:182,1
DA:183,1
DA:184,1
DA:191,1
DA:192,1
DA:193,1
DA:195,1
DA:196,1
DA:198,1
DA:200,1
DA:201,1
DA:202,1
DA:203,1
DA:204,1
DA:205,2
DA:206,1
DA:207,0
DA:210,0
DA:211,0
DA:212,0
DA:213,0
DA:215,0
DA:216,0
DA:218,0
DA:220,0
DA:222,0
DA:226,0
DA:228,0
DA:229,0
DA:231,0
DA:233,0
DA:234,0
DA:236,0
DA:240,0
DA:252,0
DA:253,0
DA:254,0
DA:255,0
DA:256,0
DA:257,0
DA:259,0
DA:260,0
DA:262,0
DA:268,0
DA:269,0
DA:270,0
DA:272,0
DA:273,0
DA:277,0
DA:279,0
DA:282,0
DA:291,0
DA:292,0
DA:293,0
DA:294,0
DA:295,0
DA:297,0
DA:300,0
DA:302,0
DA:304,0
DA:305,0
DA:306,0
DA:307,0
DA:308,0
DA:314,0
DA:322,0
DA:326,0
DA:340,0
DA:341,0
DA:343,0
DA:344,0
DA:347,0
DA:348,0
DA:349,0
DA:350,0
DA:353,0
DA:354,0
DA:355,0
DA:356,0
DA:359,0
DA:361,0
DA:368,0
DA:369,0
DA:370,0
DA:371,0
DA:372,0
DA:375,0
DA:377,0
DA:378,0
DA:379,0
DA:381,0
DA:383,0
DA:385,0
DA:387,0
DA:394,0
DA:397,0
DA:398,0
DA:399,0
DA:400,0
DA:407,0
DA:409,0
DA:416,0
DA:419,0
DA:420,0
DA:421,0
DA:422,0
DA:429,0
DA:431,0
DA:438,0
DA:442,0
DA:443,0
DA:444,0
DA:445,0
DA:449,0
DA:455,0
DA:456,0
DA:457,0
DA:458,0
DA:459,0
DA:461,0
DA:463,0
DA:464,0
DA:466,0
DA:473,0
DA:474,0
DA:475,0
DA:476,0
DA:477,0
DA:478,0
DA:483,0
DA:485,0
DA:486,0
DA:487,0
DA:493,0
DA:496,0
DA:497,0
DA:498,0
DA:501,0
DA:502,0
DA:503,0
DA:504,0
DA:505,0
DA:506,0
DA:507,0
DA:508,0
DA:509,0
DA:510,0
DA:511,0
DA:513,0
DA:514,0
DA:515,0
LF:227
LH:35
end_of_record
SF:lib/screens/landing_screen.dart
DA:4,0
DA:6,0
DA:7,0
DA:9,0
DA:10,0
DA:11,0
DA:13,0
DA:14,0
DA:20,0
DA:21,0
DA:23,0
DA:24,0
DA:28,0
DA:30,0
DA:32,0
DA:33,0
DA:34,0
DA:36,0
DA:37,0
DA:38,0
DA:41,0
DA:42,0
DA:44,0
DA:46,0
DA:53,0
DA:55,0
DA:57,0
DA:58,0
DA:65,0
DA:66,0
DA:67,0
DA:69,0
DA:77,0
DA:86,0
DA:88,0
DA:90,0
DA:91,0
DA:92,0
DA:94,0
DA:95,0
DA:96,0
DA:99,0
DA:100,0
DA:102,0
DA:104,0
DA:106,0
LF:46
LH:0
end_of_record
SF:lib/widgets/recipe_card.dart
DA:21,0
DA:37,0
DA:38,0
DA:46,0
DA:48,0
DA:49,0
DA:52,0
DA:53,0
DA:54,0
DA:58,0
DA:59,0
DA:60,0
DA:61,0
DA:63,0
DA:65,0
DA:66,0
DA:69,0
DA:70,0
DA:71,0
DA:73,0
DA:74,0
DA:75,0
DA:78,0
DA:81,0
DA:85,0
DA:86,0
DA:87,0
DA:90,0
DA:91,0
DA:92,0
DA:94,0
DA:96,0
DA:98,0
DA:99,0
DA:106,0
DA:107,0
DA:110,0
DA:113,0
DA:117,0
DA:118,0
DA:120,0
DA:122,0
DA:123,0
DA:124,0
DA:125,0
DA:126,0
DA:128,0
DA:130,0
DA:132,0
DA:133,0
DA:135,0
DA:136,0
DA:137,0
DA:139,0
DA:140,0
DA:142,0
DA:144,0
DA:147,0
DA:148,0
DA:149,0
DA:151,0
DA:152,0
DA:153,0
DA:154,0
DA:155,0
DA:156,0
DA:164,0
DA:165,0
DA:166,0
DA:167,0
DA:168,0
DA:171,0
DA:173,0
DA:175,0
DA:176,0
DA:177,0
DA:179,0
DA:180,0
DA:187,0
DA:188,0
DA:190,0
DA:191,0
DA:192,0
DA:194,0
DA:195,0
DA:196,0
DA:198,0
DA:199,0
DA:200,0
DA:201,0
DA:203,0
DA:204,0
DA:205,0
DA:208,0
DA:209,0
DA:211,0
DA:214,0
DA:217,0
DA:218,0
DA:220,0
DA:227,0
DA:228,0
DA:230,0
DA:233,0
DA:234,0
DA:236,0
DA:239,0
DA:242,0
DA:243,0
DA:245,0
DA:252,0
DA:253,0
DA:255,0
DA:258,0
DA:259,0
DA:261,0
DA:264,0
DA:265,0
DA:270,0
DA:271,0
DA:273,0
DA:274,0
DA:275,0
DA:276,0
DA:277,0
DA:278,0
DA:280,0
DA:282,0
DA:283,0
DA:284,0
DA:286,0
DA:287,0
DA:288,0
DA:289,0
DA:290,0
DA:291,0
DA:292,0
DA:294,0
DA:295,0
DA:296,0
DA:297,0
DA:298,0
DA:303,0
DA:304,0
DA:306,0
DA:308,0
DA:309,0
DA:310,0
DA:312,0
DA:313,0
DA:314,0
DA:315,0
DA:317,0
DA:319,0
DA:320,0
DA:321,0
DA:323,0
DA:326,0
DA:327,0
DA:328,0
DA:329,0
DA:330,0
DA:331,0
DA:332,0
DA:333,0
DA:335,0
DA:337,0
DA:342,0
DA:343,0
DA:344,0
DA:346,0
DA:347,0
DA:349,0
DA:351,0
DA:352,0
DA:354,0
DA:355,0
DA:373,0
DA:375,0
DA:376,0
DA:377,0
DA:378,0
DA:380,0
DA:381,0
DA:382,0
DA:384,0
DA:385,0
DA:386,0
DA:387,0
DA:388,0
DA:389,0
DA:390,0
DA:391,0
DA:392,0
DA:393,0
DA:394,0
DA:395,0
DA:398,0
DA:402,0
DA:403,0
DA:404,0
DA:405,0
DA:407,0
DA:411,0
DA:412,0
DA:413,0
DA:415,0
DA:418,0
DA:419,0
DA:420,0
DA:421,0
DA:429,0
DA:430,0
DA:431,0
DA:432,0
DA:433,0
DA:441,0
DA:442,0
DA:443,0
DA:444,0
DA:447,0
DA:448,0
DA:450,0
DA:456,0
DA:457,0
DA:458,0
DA:459,0
DA:466,0
DA:467,0
DA:470,0
DA:471,0
DA:473,0
DA:479,0
DA:480,0
DA:481,0
DA:482,0
DA:489,0
DA:490,0
DA:493,0
DA:494,0
DA:496,0
DA:502,0
DA:503,0
DA:504,0
DA:505,0
DA:514,0
DA:515,0
DA:516,0
DA:521,0
DA:522,0
DA:523,0
DA:528,0
DA:529,0
DA:530,0
DA:535,0
DA:536,0
DA:537,0
DA:546,0
DA:549,0
DA:550,0
DA:551,0
DA:552,0
DA:554,0
DA:569,0
DA:575,0
DA:576,0
DA:580,0
DA:582,0
DA:583,0
DA:584,0
DA:585,0
DA:586,0
DA:587,0
DA:590,0
DA:591,0
DA:592,0
LF:276
LH:0
end_of_record
SF:lib/widgets/help_profile.dart
DA:7,0
DA:9,0
DA:11,0
DA:13,0
DA:15,0
DA:16,0
DA:17,0
DA:18,0
DA:19,0
DA:20,0
DA:21,0
DA:22,0
DA:24,0
DA:25,0
DA:26,0
DA:27,0
DA:28,0
DA:30,0
DA:31,0
DA:32,0
DA:33,0
DA:34,0
DA:35,0
DA:36,0
DA:38,0
DA:41,0
DA:45,0
DA:46,0
DA:47,0
DA:49,0
DA:50,0
DA:52,0
DA:55,0
DA:56,0
DA:59,0
DA:60,0
DA:61,0
DA:62,0
DA:68,0
DA:69,0
DA:71,0
DA:72,0
DA:73,0
DA:78,0
DA:80,0
DA:86,0
DA:87,0
DA:89,0
DA:92,0
DA:93,0
DA:96,0
DA:97,0
DA:104,0
DA:105,0
DA:107,0
DA:110,0
DA:111,0
DA:114,0
DA:115,0
DA:118,0
DA:119,0
DA:122,0
DA:123,0
DA:126,0
DA:127,0
DA:130,0
DA:131,0
DA:134,0
DA:135,0
DA:138,0
DA:139,0
DA:142,0
DA:149,0
DA:151,0
DA:152,0
DA:153,0
DA:154,0
DA:155,0
DA:158,0
DA:159,0
LF:80
LH:0
end_of_record
