SF:lib/screens/edit_profile_screen.dart
DA:12,1
DA:13,1
DA:29,1
DA:31,1
DA:32,1
DA:39,0
DA:42,0
DA:43,0
DA:45,0
DA:51,0
DA:56,0
DA:60,0
DA:66,0
DA:67,0
DA:69,0
DA:76,0
DA:79,0
DA:80,0
DA:84,0
DA:85,0
DA:86,0
DA:91,0
DA:92,0
DA:94,0
DA:95,0
DA:99,0
DA:102,0
DA:106,1
DA:109,1
DA:110,0
DA:111,0
DA:113,0
DA:115,0
DA:116,0
DA:117,0
DA:121,0
DA:122,0
DA:127,0
DA:130,1
DA:131,1
DA:132,0
DA:133,0
DA:138,0
DA:139,0
DA:144,0
DA:145,0
DA:146,0
DA:149,0
DA:151,0
DA:155,0
DA:156,0
DA:158,0
DA:159,0
DA:160,0
DA:162,0
DA:163,0
DA:164,0
DA:165,0
DA:166,0
DA:167,0
DA:169,0
DA:170,0
DA:171,0
DA:172,0
DA:173,0
DA:174,0
DA:180,0
DA:181,0
DA:187,0
DA:188,0
DA:189,0
DA:195,0
DA:196,0
DA:197,0
DA:204,0
DA:208,0
DA:209,0
DA:211,0
DA:212,0
DA:214,0
DA:215,0
DA:216,0
DA:217,0
DA:218,0
DA:219,0
DA:222,0
DA:225,0
DA:228,0
DA:233,0
DA:237,0
DA:238,0
DA:240,0
DA:241,0
DA:243,0
DA:244,0
DA:245,0
DA:246,0
DA:248,0
DA:251,0
DA:254,0
DA:259,0
DA:260,0
DA:261,0
DA:262,0
DA:264,0
DA:265,0
DA:267,0
DA:268,0
DA:269,0
DA:271,0
DA:274,0
DA:275,0
DA:277,0
DA:279,0
DA:280,0
DA:292,0
DA:293,0
DA:295,0
DA:297,0
DA:298,0
DA:300,0
DA:302,0
DA:303,0
DA:304,0
DA:306,0
DA:308,0
DA:309,0
DA:310,0
DA:311,0
DA:312,0
DA:322,0
DA:323,0
DA:325,0
DA:327,0
DA:328,0
DA:330,0
DA:332,0
DA:333,0
DA:334,0
DA:335,0
DA:336,0
DA:337,0
DA:338,0
DA:339,0
DA:343,0
DA:345,0
DA:347,0
DA:355,0
DA:356,0
DA:358,0
DA:360,0
DA:361,0
DA:363,0
DA:365,0
DA:366,0
DA:368,0
DA:369,0
DA:370,0
DA:371,0
DA:373,0
DA:374,0
DA:375,0
DA:376,0
DA:381,0
DA:388,0
DA:393,0
DA:394,0
DA:395,0
DA:398,0
DA:405,0
DA:408,0
DA:411,0
DA:415,0
DA:420,0
DA:421,0
DA:422,0
DA:425,0
DA:432,0
DA:435,0
DA:438,0
DA:443,0
DA:447,0
DA:448,0
DA:449,0
DA:456,0
DA:459,0
DA:462,0
DA:466,0
DA:470,0
DA:471,0
DA:472,0
DA:475,0
DA:482,0
DA:485,0
DA:488,0
DA:492,0
DA:494,0
DA:496,0
DA:498,0
DA:500,0
DA:502,0
DA:509,0
DA:511,0
DA:513,0
DA:515,0
DA:517,0
DA:519,0
DA:522,0
DA:526,0
DA:530,0
DA:531,0
DA:532,0
DA:535,0
DA:542,0
DA:545,0
DA:548,0
DA:552,0
DA:554,0
DA:557,0
DA:560,0
DA:563,0
DA:564,0
DA:565,0
DA:570,0
DA:571,0
DA:573,0
DA:578,0
DA:582,0
DA:587,0
DA:588,0
DA:590,0
DA:592,0
DA:593,0
DA:595,0
DA:597,0
DA:598,0
DA:600,0
DA:601,0
DA:602,0
DA:603,0
DA:604,0
DA:605,0
DA:606,0
DA:609,0
DA:610,0
DA:611,0
DA:613,0
DA:615,0
DA:619,0
DA:623,0
DA:624,0
DA:625,0
DA:637,1
DA:643,1
DA:644,1
DA:645,1
DA:646,1
DA:647,1
DA:649,1
DA:650,1
DA:657,0
DA:658,0
DA:659,0
DA:660,0
DA:662,0
DA:664,0
DA:666,0
DA:667,0
DA:669,0
DA:671,0
DA:673,0
DA:675,0
DA:677,0
DA:678,0
DA:679,0
DA:680,0
DA:683,0
DA:684,0
DA:687,0
LF:279
LH:17
end_of_record
SF:lib/screens/shopping_list_screen.dart
DA:9,0
DA:10,0
DA:11,0
DA:12,0
DA:13,0
DA:17,0
DA:18,0
DA:19,0
DA:20,0
DA:21,0
DA:27,2
DA:29,1
DA:30,1
DA:38,1
DA:40,1
DA:42,1
DA:45,1
DA:46,1
DA:47,1
DA:48,1
DA:49,1
DA:72,1
DA:73,1
DA:74,2
DA:75,2
DA:79,1
DA:81,1
DA:82,1
DA:85,1
DA:88,2
DA:90,0
DA:91,0
DA:92,0
DA:100,0
DA:104,1
DA:106,1
DA:107,1
DA:109,2
DA:112,1
DA:114,1
DA:117,2
DA:119,0
DA:120,0
DA:121,0
DA:122,0
DA:123,0
DA:124,0
DA:125,0
DA:126,0
DA:127,0
DA:136,0
DA:140,0
DA:142,0
DA:143,0
DA:145,0
DA:150,0
DA:153,0
DA:156,0
DA:157,0
DA:160,0
DA:164,0
DA:167,0
DA:168,0
DA:170,0
DA:172,0
DA:175,0
DA:178,0
DA:180,0
DA:181,0
DA:185,0
DA:186,0
DA:190,0
DA:197,1
DA:198,1
DA:199,2
DA:200,2
DA:204,0
DA:206,0
DA:207,0
DA:208,0
DA:210,0
DA:212,0
DA:213,0
DA:218,0
DA:219,0
DA:220,0
DA:221,0
DA:225,0
DA:226,0
DA:227,0
DA:228,0
DA:229,0
DA:230,0
DA:234,0
DA:237,1
DA:239,1
DA:240,1
DA:243,1
DA:244,1
DA:245,1
DA:247,1
DA:253,1
DA:254,1
DA:256,1
DA:257,1
DA:258,1
DA:264,1
DA:266,1
DA:267,1
DA:269,1
DA:271,1
DA:275,1
DA:276,1
DA:278,1
DA:279,1
DA:280,3
DA:281,0
DA:282,0
DA:283,0
DA:285,0
DA:286,0
DA:287,0
DA:289,1
DA:292,1
DA:294,1
DA:295,1
DA:296,1
DA:298,1
DA:304,1
DA:306,1
DA:331,0
DA:332,0
DA:347,0
DA:349,0
DA:351,0
DA:357,0
DA:362,0
DA:364,0
DA:365,0
DA:366,0
DA:367,0
DA:368,0
DA:369,0
DA:371,0
DA:374,0
DA:382,0
DA:384,0
DA:386,0
DA:387,0
DA:388,0
DA:389,0
DA:391,0
DA:393,0
DA:397,0
DA:399,0
DA:401,0
DA:402,0
DA:403,0
DA:404,0
DA:410,0
DA:412,0
DA:414,0
DA:419,0
DA:420,0
DA:421,0
DA:422,0
DA:425,0
DA:427,0
DA:436,0
DA:438,0
DA:440,0
DA:441,0
DA:443,0
DA:447,0
DA:449,0
DA:450,0
DA:451,0
DA:452,0
DA:453,0
DA:465,0
DA:466,0
DA:469,0
DA:470,0
DA:479,0
DA:480,0
DA:481,0
DA:491,0
DA:492,0
DA:494,0
DA:495,0
DA:496,0
DA:497,0
DA:500,0
DA:504,1
DA:505,1
DA:506,1
DA:509,1
DA:511,1
DA:512,1
DA:514,1
DA:518,1
DA:519,2
DA:520,1
DA:522,1
DA:523,1
DA:524,1
DA:529,0
DA:530,0
DA:531,0
DA:533,0
DA:534,0
DA:535,0
DA:538,0
DA:539,0
DA:541,0
DA:544,1
DA:545,1
DA:550,0
DA:551,0
DA:552,0
DA:554,0
DA:555,0
DA:556,0
DA:559,0
DA:560,0
DA:562,0
DA:563,0
DA:567,1
DA:568,1
DA:569,1
DA:581,0
DA:582,0
DA:585,1
DA:586,1
DA:595,0
DA:596,0
DA:597,0
DA:598,0
DA:599,0
DA:600,0
DA:601,0
DA:605,0
DA:606,0
DA:607,0
DA:611,0
LF:245
LH:81
end_of_record
SF:lib/widgets/help_shopping.dart
DA:7,0
DA:9,0
DA:11,0
DA:13,0
DA:15,0
DA:16,0
DA:17,0
DA:18,0
DA:19,0
DA:20,0
DA:21,0
DA:22,0
DA:24,0
DA:25,0
DA:26,0
DA:27,0
DA:28,0
DA:30,0
DA:31,0
DA:32,0
DA:33,0
DA:34,0
DA:35,0
DA:36,0
DA:38,0
DA:41,0
DA:45,0
DA:46,0
DA:47,0
DA:49,0
DA:50,0
DA:52,0
DA:55,0
DA:56,0
DA:59,0
DA:60,0
DA:61,0
DA:62,0
DA:68,0
DA:69,0
DA:71,0
DA:72,0
DA:73,0
DA:78,0
DA:80,0
DA:87,0
DA:88,0
DA:90,0
DA:93,0
DA:94,0
DA:97,0
DA:98,0
DA:101,0
DA:102,0
DA:108,0
DA:109,0
DA:112,0
DA:113,0
DA:118,0
DA:119,0
DA:121,0
DA:124,0
DA:125,0
DA:128,0
DA:129,0
DA:132,0
DA:133,0
DA:136,0
DA:137,0
DA:140,0
DA:141,0
DA:144,0
DA:145,0
DA:148,0
DA:149,0
DA:152,0
DA:153,0
DA:156,0
DA:163,0
DA:165,0
DA:166,0
DA:167,0
DA:168,0
DA:169,0
DA:172,0
DA:173,0
LF:86
LH:0
end_of_record
SF:lib/screens/pantry_screen.dart
DA:9,0
DA:10,0
DA:11,0
DA:12,0
DA:13,0
DA:17,0
DA:18,0
DA:19,0
DA:20,0
DA:21,0
DA:27,2
DA:28,1
DA:29,1
DA:37,1
DA:39,1
DA:41,1
DA:44,1
DA:45,1
DA:46,1
DA:47,1
DA:48,1
DA:71,1
DA:72,1
DA:73,2
DA:74,2
DA:78,1
DA:80,1
DA:81,1
DA:84,1
DA:87,2
DA:89,0
DA:90,0
DA:91,0
DA:99,0
DA:103,1
DA:105,1
DA:106,1
DA:108,2
DA:111,1
DA:113,1
DA:116,2
DA:118,0
DA:119,0
DA:120,0
DA:121,0
DA:122,0
DA:123,0
DA:124,0
DA:125,0
DA:126,0
DA:135,0
DA:139,0
DA:141,0
DA:142,0
DA:144,0
DA:149,0
DA:152,0
DA:155,0
DA:156,0
DA:159,0
DA:163,0
DA:166,0
DA:167,0
DA:169,0
DA:171,0
DA:174,0
DA:177,0
DA:179,0
DA:180,0
DA:181,0
DA:182,0
DA:187,0
DA:191,0
DA:198,1
DA:199,1
DA:200,2
DA:201,2
DA:205,0
DA:209,0
DA:210,0
DA:211,0
DA:213,0
DA:217,0
DA:218,0
DA:219,0
DA:220,0
DA:224,0
DA:225,0
DA:226,0
DA:227,0
DA:228,0
DA:229,0
DA:233,0
DA:236,1
DA:238,1
DA:239,1
DA:242,1
DA:243,1
DA:244,1
DA:246,1
DA:252,1
DA:253,1
DA:255,1
DA:256,1
DA:257,1
DA:263,1
DA:265,1
DA:266,1
DA:268,1
DA:270,1
DA:273,1
DA:274,1
DA:275,1
DA:276,1
DA:277,3
DA:278,0
DA:279,0
DA:280,0
DA:282,0
DA:283,0
DA:284,0
DA:286,1
DA:289,1
DA:291,1
DA:292,1
DA:293,1
DA:295,1
DA:301,1
DA:303,1
DA:326,0
DA:327,0
DA:342,0
DA:344,0
DA:346,0
DA:352,0
DA:357,0
DA:359,0
DA:360,0
DA:361,0
DA:362,0
DA:363,0
DA:364,0
DA:366,0
DA:369,0
DA:377,0
DA:379,0
DA:381,0
DA:382,0
DA:383,0
DA:384,0
DA:386,0
DA:388,0
DA:392,0
DA:394,0
DA:396,0
DA:397,0
DA:398,0
DA:399,0
DA:405,0
DA:407,0
DA:409,0
DA:414,0
DA:415,0
DA:416,0
DA:417,0
DA:420,0
DA:422,0
DA:431,0
DA:433,0
DA:435,0
DA:436,0
DA:438,0
DA:442,0
DA:444,0
DA:445,0
DA:446,0
DA:447,0
DA:448,0
DA:460,0
DA:461,0
DA:464,0
DA:465,0
DA:474,0
DA:475,0
DA:476,0
DA:486,0
DA:487,0
DA:491,0
DA:492,0
DA:493,0
DA:494,0
DA:497,0
DA:501,1
DA:502,1
DA:503,1
DA:506,1
DA:508,1
DA:509,1
DA:511,1
DA:515,1
DA:516,2
DA:517,1
DA:519,1
DA:520,1
DA:521,1
DA:526,0
DA:527,0
DA:528,0
DA:530,0
DA:531,0
DA:532,0
DA:535,0
DA:536,0
DA:538,0
DA:541,1
DA:542,1
DA:547,0
DA:548,0
DA:549,0
DA:551,0
DA:552,0
DA:553,0
DA:556,0
DA:557,0
DA:559,0
DA:560,0
DA:564,1
DA:565,1
DA:566,1
DA:578,0
DA:579,0
DA:582,1
DA:583,1
DA:592,0
DA:593,0
DA:594,0
DA:595,0
DA:596,0
DA:597,0
DA:598,0
DA:602,0
DA:603,0
DA:604,0
DA:608,0
LF:244
LH:81
end_of_record
SF:lib/widgets/help_pantry.dart
DA:7,0
DA:9,0
DA:11,0
DA:13,0
DA:15,0
DA:16,0
DA:17,0
DA:18,0
DA:19,0
DA:20,0
DA:21,0
DA:22,0
DA:24,0
DA:25,0
DA:26,0
DA:27,0
DA:28,0
DA:30,0
DA:31,0
DA:32,0
DA:33,0
DA:34,0
DA:35,0
DA:36,0
DA:38,0
DA:41,0
DA:45,0
DA:46,0
DA:47,0
DA:49,0
DA:50,0
DA:52,0
DA:55,0
DA:56,0
DA:59,0
DA:60,0
DA:61,0
DA:62,0
DA:68,0
DA:69,0
DA:71,0
DA:72,0
DA:73,0
DA:78,0
DA:80,0
DA:86,0
DA:87,0
DA:89,0
DA:92,0
DA:93,0
DA:96,0
DA:97,0
DA:100,0
DA:101,0
DA:107,0
DA:108,0
DA:111,0
DA:112,0
DA:117,0
DA:118,0
DA:120,0
DA:123,0
DA:124,0
DA:127,0
DA:128,0
DA:131,0
DA:132,0
DA:135,0
DA:136,0
DA:139,0
DA:140,0
DA:143,0
DA:144,0
DA:147,0
DA:148,0
DA:151,0
DA:152,0
DA:155,0
DA:162,0
DA:164,0
DA:165,0
DA:166,0
DA:167,0
DA:168,0
DA:171,0
DA:172,0
LF:86
LH:0
end_of_record
SF:lib/screens/signup_screen.dart
DA:322,1
DA:324,1
DA:325,1
DA:335,1
DA:336,3
DA:341,3
DA:342,1
DA:343,1
DA:344,2
DA:346,1
DA:347,1
DA:351,2
DA:352,2
DA:354,2
DA:356,3
DA:357,2
DA:359,2
DA:361,2
DA:365,2
DA:370,1
DA:371,1
DA:372,1
DA:373,1
DA:374,1
DA:376,1
DA:377,1
DA:378,1
DA:380,0
DA:381,0
DA:390,1
DA:392,1
DA:393,2
DA:394,1
DA:398,1
DA:399,1
DA:400,1
DA:401,1
DA:407,1
DA:408,1
DA:410,1
DA:411,1
DA:412,1
DA:414,1
DA:416,1
DA:417,1
DA:418,1
DA:435,1
DA:438,1
DA:439,1
DA:440,1
DA:449,1
DA:450,1
DA:456,1
DA:457,1
DA:470,1
DA:471,1
DA:476,2
DA:480,1
DA:483,1
DA:484,1
DA:486,1
DA:493,1
DA:494,1
DA:500,1
DA:501,1
DA:514,1
DA:515,1
DA:520,2
DA:524,1
DA:527,1
DA:528,1
DA:530,1
DA:537,1
DA:538,1
DA:544,1
DA:545,1
DA:558,1
DA:559,1
DA:562,2
DA:567,2
DA:571,1
DA:574,1
DA:575,1
DA:576,1
DA:577,1
DA:580,1
DA:581,1
DA:599,1
DA:600,0
DA:601,0
LF:90
LH:86
end_of_record
SF:lib/screens/landing_screen.dart
DA:4,2
DA:6,2
DA:7,4
DA:9,2
DA:10,2
DA:11,2
DA:13,2
DA:14,2
DA:20,2
DA:21,2
DA:23,2
DA:24,2
DA:28,2
DA:30,2
DA:32,2
DA:33,2
DA:34,2
DA:36,2
DA:37,2
DA:38,2
DA:41,2
DA:42,2
DA:44,2
DA:46,2
DA:53,2
DA:55,2
DA:57,2
DA:58,2
DA:65,2
DA:66,2
DA:67,2
DA:69,2
DA:77,2
DA:86,2
DA:88,2
DA:90,2
DA:91,2
DA:92,2
DA:94,2
DA:95,2
DA:96,2
DA:99,2
DA:100,2
DA:102,2
DA:104,2
DA:106,2
LF:46
LH:46
end_of_record
